#
# There is insufficient memory for the Java Runtime Environment to continue.
# Native memory allocation (mmap) failed to map 264241152 bytes. Error detail: G1 virtual space
# Possible reasons:
#   The system is out of physical RAM or swap space
#   This process is running with CompressedOops enabled, and the Java Heap may be blocking the growth of the native heap
# Possible solutions:
#   Reduce memory load on the system
#   Increase physical memory or swap space
#   Check if swap backing store is full
#   Decrease Java heap size (-Xmx/-Xms)
#   Decrease number of Java threads
#   Decrease Java thread stack sizes (-Xss)
#   Set larger code cache with -XX:ReservedCodeCacheSize=
#   JVM is running with Zero Based Compressed Oops mode in which the Java heap is
#     placed in the first 32GB address space. The Java Heap base address is the
#     maximum limit for the native heap growth. Please use -XX:HeapBaseMinAddress
#     to set the Java Heap base and to place the Java Heap above 32GB virtual address.
# This output file may be truncated or incomplete.
#
#  Out of Memory Error (os_windows.cpp:3828), pid=29448, tid=19432
#
# JRE version:  (21.0.4) (build )
# Java VM: OpenJDK 64-Bit Server VM (21.0.4+-12508038-b607.1, mixed mode, sharing, tiered, compressed oops, compressed class ptrs, g1 gc, windows-amd64)
# No core dump will be written. Minidumps are not enabled by default on client versions of Windows
#

---------------  S U M M A R Y ------------

Command Line: org.jetbrains.kotlin.cli.jvm.K2JVMCompiler @C:\Users\chach\AndroidStudioProjects\MovieApp\app\build\20250328_9369824911283177333.compiler.options

Host: 12th Gen Intel(R) Core(TM) i5-1230U, 12 cores, 15G,  Windows 11 , 64 bit Build 26100 (10.0.26100.3323)
Time: Fri Mar 28 03:06:58 2025 Eastern Daylight Time elapsed time: 0.141824 seconds (0d 0h 0m 0s)

---------------  T H R E A D  ---------------

Current thread (0x0000025c5e2a3530):  JavaThread "Unknown thread" [_thread_in_vm, id=19432, stack(0x0000009b10500000,0x0000009b10600000) (1024K)]

Stack: [0x0000009b10500000,0x0000009b10600000]
Native frames: (J=compiled Java code, j=interpreted, Vv=VM code, C=native code)
V  [jvm.dll+0x6ce539]
V  [jvm.dll+0x85bf03]
V  [jvm.dll+0x85e45e]
V  [jvm.dll+0x85eb43]
V  [jvm.dll+0x27dd06]
V  [jvm.dll+0x6cada5]
V  [jvm.dll+0x6bf27a]
V  [jvm.dll+0x3541fb]
V  [jvm.dll+0x35be36]
V  [jvm.dll+0x3adbc6]
V  [jvm.dll+0x3ade98]
V  [jvm.dll+0x32691c]
V  [jvm.dll+0x32760b]
V  [jvm.dll+0x823959]
V  [jvm.dll+0x3bacf8]
V  [jvm.dll+0x80cd58]
V  [jvm.dll+0x44ef2e]
V  [jvm.dll+0x450691]
C  [jli.dll+0x52ab]
C  [ucrtbase.dll+0x37b0]
C  [KERNEL32.DLL+0x2e8d7]
C  [ntdll.dll+0xbbf6c]


---------------  P R O C E S S  ---------------

Threads class SMR info:
_java_thread_list=0x00007ffd3483a808, length=0, elements={
}

Java Threads: ( => current thread )
Total: 0

Other Threads:
  0x0000025c606dfab0 WorkerThread "GC Thread#0"                     [id=3652, stack(0x0000009b10600000,0x0000009b10700000) (1024K)]
  0x0000025c606f0de0 ConcurrentGCThread "G1 Main Marker"            [id=31508, stack(0x0000009b10700000,0x0000009b10800000) (1024K)]
  0x0000025c606f18e0 WorkerThread "G1 Conc#0"                       [id=15540, stack(0x0000009b10800000,0x0000009b10900000) (1024K)]

[error occurred during error reporting (printing all threads), id 0xc0000005, EXCEPTION_ACCESS_VIOLATION (0xc0000005) at pc=0x00007ffd34039957]
VM state: not at safepoint (not fully initialized)

VM Mutex/Monitor currently owned by a thread:  ([mutex/lock_event])
[0x00007ffd348a73f8] Heap_lock - owner thread: 0x0000025c5e2a3530

Heap address: 0x0000000704c00000, size: 4020 MB, Compressed Oops mode: Zero based, Oop shift amount: 3

CDS archive(s) mapped at: [0x0000000000000000-0x0000000000000000-0x0000000000000000), size 0, SharedBaseAddress: 0x0000000800000000, ArchiveRelocationMode: 1.
Narrow klass base: 0x0000000000000000, Narrow klass shift: 0, Narrow klass range: 0x0

GC Precious Log:
 CardTable entry size: 512
 Card Set container configuration: InlinePtr #cards 4 size 8 Array Of Cards #cards 16 size 48 Howl #buckets 8 coarsen threshold 3686 Howl Bitmap #cards 512 size 80 coarsen threshold 460 Card regions per heap region 1 cards per card region 4096

Heap:
 garbage-first heap   total 0K, used 0K [0x0000000704c00000, 0x0000000800000000)
  region size 2048K, 0 young (0K), 0 survivors (0K)
 Metaspace       used 0K, committed 0K, reserved 0K
  class space    used 0K, committed 0K, reserved 0K

Heap Regions: E=young(eden), S=young(survivor), O=old, HS=humongous(starts), HC=humongous(continues), CS=collection set, F=free, TAMS=top-at-mark-start, PB=parsable bottom

Card table byte_map: [0x0000025c73500000,0x0000025c73ce0000] _byte_map_base: 0x0000025c6fcda000

Marking Bits: (CMBitMap*) 0x0000025c606e01b0
 Bits: [0x0000025c73ce0000, 0x0000025c77bb0000)

GC Heap History (0 events):
No events

Dll operation events (1 events):
Event: 0.067 Loaded shared library C:\Program Files\Android\Android Studio\jbr\bin\java.dll

Deoptimization events (0 events):
No events

Classes loaded (0 events):
No events

Classes unloaded (0 events):
No events

Classes redefined (0 events):
No events

Internal exceptions (0 events):
No events

ZGC Phase Switch (0 events):
No events

VM Operations (0 events):
No events

Memory protections (0 events):
No events

Nmethod flushes (0 events):
No events

Events (0 events):
No events


Dynamic libraries:
0x00007ff7b93c0000 - 0x00007ff7b93ca000 	C:\Program Files\Android\Android Studio\jbr\bin\java.exe
0x00007ffda0780000 - 0x00007ffda09e3000 	C:\WINDOWS\SYSTEM32\ntdll.dll
0x00007ffda0350000 - 0x00007ffda0417000 	C:\WINDOWS\System32\KERNEL32.DLL
0x00007ffd9e1d0000 - 0x00007ffd9e599000 	C:\WINDOWS\System32\KERNELBASE.dll
0x00007ffd9da30000 - 0x00007ffd9db7c000 	C:\WINDOWS\System32\ucrtbase.dll
0x00007ffd911a0000 - 0x00007ffd911b8000 	C:\Program Files\Android\Android Studio\jbr\bin\jli.dll
0x00007ffd9f750000 - 0x00007ffd9f91a000 	C:\WINDOWS\System32\USER32.dll
0x00007ffd9e1a0000 - 0x00007ffd9e1c7000 	C:\WINDOWS\System32\win32u.dll
0x00007ffda05b0000 - 0x00007ffda05da000 	C:\WINDOWS\System32\GDI32.dll
0x00007ffd9dcd0000 - 0x00007ffd9de01000 	C:\WINDOWS\System32\gdi32full.dll
0x00007ffd9d980000 - 0x00007ffd9da23000 	C:\WINDOWS\System32\msvcp_win.dll
0x00007ffd95ac0000 - 0x00007ffd95adb000 	C:\Program Files\Android\Android Studio\jbr\bin\VCRUNTIME140.dll
0x00007ffd76da0000 - 0x00007ffd77030000 	C:\WINDOWS\WinSxS\amd64_microsoft.windows.common-controls_6595b64144ccf1df_6.0.26100.3323_none_3e088096e3344490\COMCTL32.dll
0x00007ffda0040000 - 0x00007ffda00e9000 	C:\WINDOWS\System32\msvcrt.dll
0x00007ffda0420000 - 0x00007ffda044f000 	C:\WINDOWS\System32\IMM32.DLL
0x00007ffd96540000 - 0x00007ffd9654c000 	C:\Program Files\Android\Android Studio\jbr\bin\vcruntime140_1.dll
0x00007ffd56f50000 - 0x00007ffd56fdd000 	C:\Program Files\Android\Android Studio\jbr\bin\msvcp140.dll
0x00007ffd33d00000 - 0x00007ffd34983000 	C:\Program Files\Android\Android Studio\jbr\bin\server\jvm.dll
0x00007ffda0460000 - 0x00007ffda0512000 	C:\WINDOWS\System32\ADVAPI32.dll
0x00007ffda00f0000 - 0x00007ffda0196000 	C:\WINDOWS\System32\sechost.dll
0x00007ffd9f540000 - 0x00007ffd9f656000 	C:\WINDOWS\System32\RPCRT4.dll
0x00007ffda0520000 - 0x00007ffda0594000 	C:\WINDOWS\System32\WS2_32.dll
0x00007ffd9d050000 - 0x00007ffd9d09e000 	C:\WINDOWS\SYSTEM32\POWRPROF.dll
0x00007ffd89ed0000 - 0x00007ffd89f06000 	C:\WINDOWS\SYSTEM32\WINMM.dll
0x00007ffd94d00000 - 0x00007ffd94d0b000 	C:\WINDOWS\SYSTEM32\VERSION.dll
0x00007ffd9d020000 - 0x00007ffd9d034000 	C:\WINDOWS\SYSTEM32\UMPDC.dll
0x00007ffd9c760000 - 0x00007ffd9c77a000 	C:\WINDOWS\SYSTEM32\kernel.appcore.dll
0x00007ffd96530000 - 0x00007ffd9653a000 	C:\Program Files\Android\Android Studio\jbr\bin\jimage.dll
0x00007ffd9b090000 - 0x00007ffd9b2d1000 	C:\WINDOWS\SYSTEM32\DBGHELP.DLL
0x00007ffd9e970000 - 0x00007ffd9ecf2000 	C:\WINDOWS\System32\combase.dll
0x00007ffda0640000 - 0x00007ffda0716000 	C:\WINDOWS\System32\OLEAUT32.dll
0x00007ffd772d0000 - 0x00007ffd77309000 	C:\WINDOWS\SYSTEM32\dbgcore.DLL
0x00007ffd9df80000 - 0x00007ffd9e019000 	C:\WINDOWS\System32\bcryptPrimitives.dll
0x00007ffd94d10000 - 0x00007ffd94d30000 	C:\Program Files\Android\Android Studio\jbr\bin\java.dll

dbghelp: loaded successfully - version: 4.0.5 - missing functions: none
symbol engine: initialized successfully - sym options: 0x614 - pdb path: .;C:\Program Files\Android\Android Studio\jbr\bin;C:\WINDOWS\SYSTEM32;C:\WINDOWS\WinSxS\amd64_microsoft.windows.common-controls_6595b64144ccf1df_6.0.26100.3323_none_3e088096e3344490;C:\Program Files\Android\Android Studio\jbr\bin\server

VM Arguments:
java_command: org.jetbrains.kotlin.cli.jvm.K2JVMCompiler @C:\Users\chach\AndroidStudioProjects\MovieApp\app\build\20250328_9369824911283177333.compiler.options
java_class_path (initial): C:\Users\chach\.gradle\caches\modules-2\files-2.1\org.jetbrains.kotlin\kotlin-compiler-embeddable\2.0.21\79346ed53db48b18312a472602eb5c057070c54d\kotlin-compiler-embeddable-2.0.21.jar;C:\Users\chach\.gradle\caches\modules-2\files-2.1\org.jetbrains.kotlin\kotlin-stdlib\2.0.21\618b539767b4899b4660a83006e052b63f1db551\kotlin-stdlib-2.0.21.jar;C:\Users\chach\.gradle\caches\modules-2\files-2.1\org.jetbrains.kotlin\kotlin-script-runtime\2.0.21\c9b044380ad41f89aa89aa896c2d32a8c0b2129d\kotlin-script-runtime-2.0.21.jar;C:\Users\chach\.gradle\caches\modules-2\files-2.1\org.jetbrains.kotlin\kotlin-reflect\1.6.10\1cbe9c92c12a94eea200d23c2bbaedaf3daf5132\kotlin-reflect-1.6.10.jar;C:\Users\chach\.gradle\caches\modules-2\files-2.1\org.jetbrains.kotlin\kotlin-daemon-embeddable\2.0.21\c9e933b23287de9b5a17e2116b4657bb91aea72c\kotlin-daemon-embeddable-2.0.21.jar;C:\Users\chach\.gradle\caches\modules-2\files-2.1\org.jetbrains.intellij.deps\trove4j\1.0.20200330\3afb14d5f9ceb459d724e907a21145e8ff394f02\trove4j-1.0.20200330.jar;C:\Users\chach\.gradle\caches\modules-2\files-2.1\org.jetbrains.kotlinx\kotlinx-coroutines-core-jvm\1.6.4\2c997cd1c0ef33f3e751d3831929aeff1390cb30\kotlinx-coroutines-core-jvm-1.6.4.jar;C:\Users\chach\.gradle\caches\modules-2\files-2.1\org.jetbrains\annotations\13.0\919f0dfe192fb4e063e7dacadee7f8bb9a2672a9\annotations-13.0.jar
Launcher Type: SUN_STANDARD

[Global flags]
     intx CICompilerCount                          = 4                                         {product} {ergonomic}
     uint ConcGCThreads                            = 3                                         {product} {ergonomic}
     uint G1ConcRefinementThreads                  = 10                                        {product} {ergonomic}
   size_t G1HeapRegionSize                         = 2097152                                   {product} {ergonomic}
    uintx GCDrainStackTargetSize                   = 64                                        {product} {ergonomic}
   size_t InitialHeapSize                          = 264241152                                 {product} {ergonomic}
   size_t MarkStackSize                            = 4194304                                   {product} {ergonomic}
   size_t MaxHeapSize                              = 4215275520                                {product} {ergonomic}
   size_t MinHeapDeltaBytes                        = 2097152                                   {product} {ergonomic}
   size_t MinHeapSize                              = 8388608                                   {product} {ergonomic}
    uintx NonNMethodCodeHeapSize                   = 5839372                                {pd product} {ergonomic}
    uintx NonProfiledCodeHeapSize                  = 122909434                              {pd product} {ergonomic}
    uintx ProfiledCodeHeapSize                     = 122909434                              {pd product} {ergonomic}
    uintx ReservedCodeCacheSize                    = 251658240                              {pd product} {ergonomic}
     bool SegmentedCodeCache                       = true                                      {product} {ergonomic}
   size_t SoftMaxHeapSize                          = 4215275520                             {manageable} {ergonomic}
     bool UseCompressedOops                        = true                           {product lp64_product} {ergonomic}
     bool UseG1GC                                  = true                                      {product} {ergonomic}
     bool UseLargePagesIndividualAllocation        = false                                  {pd product} {ergonomic}

Logging:
Log output configuration:
 #0: stdout all=warning uptime,level,tags foldmultilines=false
 #1: stderr all=off uptime,level,tags foldmultilines=false

Environment Variables:
PATH=C:\Program Files\Common Files\Oracle\Java\javapath;C:\WINDOWS\system32;C:\WINDOWS;C:\WINDOWS\System32\Wbem;C:\WINDOWS\System32\WindowsPowerShell\v1.0\;C:\WINDOWS\System32\OpenSSH\;C:\Program Files\Microsoft SQL Server\150\Tools\Binn\;C:\Users\chach\Downloads\php-8.3.2.tar.gz\php-8.3.2;C:\Program Files\Microsoft SQL Server\Client SDK\ODBC\170\Tools\Binn\;C:\Program Files\dotnet\;C:\Program Files\Git\cmd;C:\Program Files (x86)\Microsoft SQL Server\160\Tools\Binn\;C:\Program Files\Microsoft SQL Server\160\Tools\Binn\;C:\Program Files\Microsoft SQL Server\160\DTS\Binn\;C:\Program Files (x86)\Microsoft SQL Server\160\DTS\Binn\;C:\Program Files\nodejs\;C:\Program Files\MySQL\MySQL Shell 8.0\bin\;C:\Users\chach\AppData\Local\Programs\Python\Python312\Scripts\;C:\Users\chach\AppData\Local\Programs\Python\Python312\;C:\Users\chach\AppData\Local\Programs\Python\Launcher\;C:\Users\chach\AppData\Local\Microsoft\WindowsApps;C:\Users\chach\AppData\Local\Programs\Microsoft VS Code\bin;C:\Users\chach\Downloads\php-8.3.4-nts-Win32-vs16-x64;C:\Users\chach\.dotnet\tools;C:\Users\chach\AppData\Local\Programs\Azure Data Studio\bin;C:\Users\chach\AppData\Local\GitHubDesktop\bin;C:\Users\chach\AppData\Roaming\npm
USERNAME=chach
OS=Windows_NT
PROCESSOR_IDENTIFIER=Intel64 Family 6 Model 154 Stepping 4, GenuineIntel
TMP=C:\Users\chach\AppData\Local\Temp
TEMP=C:\Users\chach\AppData\Local\Temp




Periodic native trim disabled

JNI global refs:
JNI global refs: 0, weak refs: 0

JNI global refs memory usage: 0, weak refs: 0

Process memory usage:
Resident Set Size: 12580K (0% of 16463352K total physical memory with 1655908K free physical memory)

OOME stack traces (most recent first):
Classloader memory used:

---------------  S Y S T E M  ---------------

OS:
 Windows 11 , 64 bit Build 26100 (10.0.26100.3323)
OS uptime: 7 days 8:39 hours
Hyper-V role detected

CPU: total 12 (initial active 12) (6 cores per cpu, 2 threads per core) family 6 model 154 stepping 4 microcode 0x432, cx8, cmov, fxsr, ht, mmx, 3dnowpref, sse, sse2, sse3, ssse3, sse4.1, sse4.2, popcnt, lzcnt, tsc, tscinvbit, avx, avx2, aes, erms, clmul, bmi1, bmi2, adx, sha, fma, vzeroupper, clflush, clflushopt, clwb, hv, serialize, rdtscp, rdpid, fsrm, f16c, cet_ibt, cet_ss
Processor Information for processor 0
  Max Mhz: 1000, Current Mhz: 1000, Mhz Limit: 1000
Processor Information for processor 1
  Max Mhz: 1000, Current Mhz: 1000, Mhz Limit: 1000
Processor Information for processor 2
  Max Mhz: 1000, Current Mhz: 1000, Mhz Limit: 1000
Processor Information for processor 3
  Max Mhz: 1000, Current Mhz: 1000, Mhz Limit: 1000
Processor Information for processor 4
  Max Mhz: 1000, Current Mhz: 700, Mhz Limit: 700
Processor Information for processor 5
  Max Mhz: 1000, Current Mhz: 700, Mhz Limit: 700
Processor Information for processor 6
  Max Mhz: 1000, Current Mhz: 700, Mhz Limit: 700
Processor Information for processor 7
  Max Mhz: 1000, Current Mhz: 700, Mhz Limit: 700
Processor Information for processor 8
  Max Mhz: 1000, Current Mhz: 700, Mhz Limit: 700
Processor Information for processor 9
  Max Mhz: 1000, Current Mhz: 700, Mhz Limit: 700
Processor Information for processor 10
  Max Mhz: 1000, Current Mhz: 700, Mhz Limit: 700
Processor Information for processor 11
  Max Mhz: 1000, Current Mhz: 700, Mhz Limit: 700

Memory: 4k page, system-wide physical 16077M (1617M free)
TotalPageFile size 26656M (AvailPageFile size 116M)
current process WorkingSet (physical memory assigned to process): 12M, peak: 12M
current process commit charge ("private bytes"): 64M, peak: 316M

vm_info: OpenJDK 64-Bit Server VM (21.0.4+-12508038-b607.1) for windows-amd64 JRE (21.0.4+-12508038-b607.1), built on 2024-10-16T17:23:34Z by "builder" with MS VC++ 16.10 / 16.11 (VS2019)

END.
